timestamp: 2011-01-17T23:08:18.305971
CREATE TABLE auth_user(
    id INTEGER PRIMARY KEY AUTOINCREMENT,
    name CHAR(128),
    username CHAR(128) UNIQUE,
    email CHAR(128),
    password CHAR(512),
    endereco CHAR(512) NOT NULL,
    telefone CHAR(512) NOT NULL,
    aniversario DATE NOT NULL DEFAULT '2011-01-17',
    registration_key CHAR(512),
    reset_password_key CHAR(512),
    registration_id CHAR(512)
);
success!
timestamp: 2011-01-17T23:08:18.308871
CREATE TABLE auth_group(
    id INTEGER PRIMARY KEY AUTOINCREMENT,
    role CHAR(512),
    description TEXT
);
success!
timestamp: 2011-01-17T23:08:18.311346
CREATE TABLE auth_membership(
    id INTEGER PRIMARY KEY AUTOINCREMENT,
    user_id INTEGER REFERENCES auth_user(id) ON DELETE CASCADE,
    group_id INTEGER REFERENCES auth_group(id) ON DELETE CASCADE
);
success!
timestamp: 2011-01-17T23:08:18.314238
CREATE TABLE auth_permission(
    id INTEGER PRIMARY KEY AUTOINCREMENT,
    group_id INTEGER REFERENCES auth_group(id) ON DELETE CASCADE,
    name CHAR(512),
    table_name CHAR(512),
    record_id INTEGER
);
success!
timestamp: 2011-01-17T23:08:18.317479
CREATE TABLE auth_event(
    id INTEGER PRIMARY KEY AUTOINCREMENT,
    time_stamp TIMESTAMP,
    client_ip CHAR(512),
    user_id INTEGER REFERENCES auth_user(id) ON DELETE CASCADE,
    origin CHAR(512),
    description TEXT
);
success!
timestamp: 2011-01-17T23:08:18.320706
CREATE TABLE cliente(
    id INTEGER PRIMARY KEY AUTOINCREMENT,
    nome CHAR(512) NOT NULL UNIQUE,
    endereco CHAR(512) NOT NULL,
    telefone CHAR(512) NOT NULL,
    email CHAR(512) NOT NULL,
    aniversario DATE NOT NULL
);
success!
timestamp: 2011-01-17T23:08:18.324008
CREATE TABLE servicos(
    id INTEGER PRIMARY KEY AUTOINCREMENT,
    servico CHAR(512) NOT NULL DEFAULT '' UNIQUE,
    preco DOUBLE,
    observacoes TEXT
);
success!
timestamp: 2011-01-17T23:08:18.327918
CREATE TABLE agenda(
    id INTEGER PRIMARY KEY AUTOINCREMENT,
    funcionario INTEGER REFERENCES auth_user(id) ON DELETE CASCADE,
    cliente INTEGER REFERENCES cliente(id) ON DELETE CASCADE,
    tipo_servico INTEGER REFERENCES servicos(id) ON DELETE CASCADE,
    data DATE NOT NULL DEFAULT '2011-01-17',
    hora TIME NOT NULL,
    observacoes TEXT
);
success!
